<?xml version="1.0" encoding="UTF-8"?>
<!-- Generated by org.testng.reporters.JUnitReportReporter -->
<testsuite skipped="0" hostname="MSINGIRI-IN" name="com.ccs.testCases.TC_DocumentTest_004" tests="1" failures="0" timestamp="22 Jun 2020 13:29:10 GMT" time="80.884" errors="0">
  <testcase name="documentTest" time="80.884" classname="com.ccs.testCases.TC_DocumentTest_004"/>
</testsuite> <!-- com.ccs.testCases.TC_DocumentTest_004 -->
