<?xml version="1.0" encoding="UTF-8"?>
<!-- Generated by org.testng.reporters.JUnitReportReporter -->
<testsuite skipped="0" hostname="MSINGIRI-IN" name="com.ccs.testCases.TC_LoginTest_001" tests="1" failures="0" timestamp="23 Jun 2020 06:42:31 GMT" time="75.871" errors="0">
  <testcase name="loginTest" time="75.871" classname="com.ccs.testCases.TC_LoginTest_001"/>
</testsuite> <!-- com.ccs.testCases.TC_LoginTest_001 -->
