<?xml version="1.0" encoding="UTF-8"?>
<!-- Generated by org.testng.reporters.JUnitReportReporter -->
<testsuite skipped="0" hostname="MSINGIRI-IN" name="com.ccs.testCases.TC_MapConfigID_013" tests="1" failures="0" timestamp="18 Sep 2020 12:51:41 GMT" time="200.967" errors="0">
  <testcase name="mapConfigID" time="200.967" classname="com.ccs.testCases.TC_MapConfigID_013"/>
</testsuite> <!-- com.ccs.testCases.TC_MapConfigID_013 -->
