<?xml version="1.0" encoding="UTF-8"?>
<!-- Generated by org.testng.reporters.JUnitReportReporter -->
<testsuite skipped="0" hostname="MSINGIRI-IN" name="com.ccs.testCases.CallingClass" tests="1" failures="0" timestamp="18 Sep 2020 13:02:41 GMT" time="199.511" errors="0">
  <testcase name="msignIn" time="199.511" classname="com.ccs.testCases.CallingClass"/>
</testsuite> <!-- com.ccs.testCases.CallingClass -->
