<?xml version="1.0" encoding="UTF-8"?>
<!-- Generated by org.testng.reporters.JUnitReportReporter -->
<testsuite skipped="1" hostname="MSINGIRI-IN" name="com.ccs.testCases.TC_CreateContXLS" tests="1" failures="0" timestamp="02 Jul 2020 13:56:10 GMT" time="0.000" errors="0">
  <testcase name="ContCreateDDT" time="0.000" classname="com.ccs.testCases.TC_CreateContXLS">
    <skipped/>
  </testcase> <!-- ContCreateDDT -->
</testsuite> <!-- com.ccs.testCases.TC_CreateContXLS -->
