<?xml version="1.0" encoding="UTF-8"?>
<!-- Generated by org.testng.reporters.JUnitReportReporter -->
<testsuite skipped="0" hostname="MSINGIRI-IN" name="com.ccs.testCases.T_LoginDDT_003" tests="1" failures="0" timestamp="18 Jun 2020 12:27:58 GMT" time="63.131" errors="0">
  <testcase name="LoginDDT" time="63.131" classname="com.ccs.testCases.T_LoginDDT_003"/>
</testsuite> <!-- com.ccs.testCases.T_LoginDDT_003 -->
