<?xml version="1.0" encoding="UTF-8"?>
<!-- Generated by org.testng.reporters.JUnitReportReporter -->
<testsuite skipped="0" hostname="MSINGIRI-IN" name="com.ccs.testCases.TC_LoginDDT_002" tests="1" failures="0" timestamp="23 Jun 2020 06:52:23 GMT" time="93.157" errors="0">
  <testcase name="LoginDDT" time="93.157" classname="com.ccs.testCases.TC_LoginDDT_002"/>
</testsuite> <!-- com.ccs.testCases.TC_LoginDDT_002 -->
