<?xml version="1.0" encoding="UTF-8"?>
<!-- Generated by org.testng.reporters.JUnitReportReporter -->
<testsuite skipped="0" hostname="MSINGIRI-IN" name="com.ccs.testCases.ClearBrowserHistory" tests="1" failures="0" timestamp="30 Sep 2020 10:46:29 GMT" time="26.684" errors="0">
  <testcase name="ClearBrowHistory" time="26.684" classname="com.ccs.testCases.ClearBrowserHistory"/>
</testsuite> <!-- com.ccs.testCases.ClearBrowserHistory -->
