<?xml version="1.0" encoding="UTF-8"?>
<!-- Generated by org.testng.reporters.JUnitReportReporter -->
<testsuite skipped="0" hostname="MSINGIRI-IN" name="com.ccs.testCases.TC_AtrbStylesTest_008" tests="1" failures="0" timestamp="22 Jun 2020 13:29:10 GMT" time="84.789" errors="0">
  <testcase name="atrbStylesTest" time="84.789" classname="com.ccs.testCases.TC_AtrbStylesTest_008"/>
</testsuite> <!-- com.ccs.testCases.TC_AtrbStylesTest_008 -->
