<?xml version="1.0" encoding="UTF-8"?>
<!-- Generated by org.testng.reporters.JUnitReportReporter -->
<testsuite skipped="0" hostname="MSINGIRI-IN" name="com.ccs.testCases.TC_LayoutTest_006" tests="1" failures="0" timestamp="22 Jun 2020 13:29:10 GMT" time="81.178" errors="0">
  <testcase name="layoutTest" time="81.178" classname="com.ccs.testCases.TC_LayoutTest_006"/>
</testsuite> <!-- com.ccs.testCases.TC_LayoutTest_006 -->
