<?xml version="1.0" encoding="UTF-8"?>
<!-- Generated by org.testng.reporters.JUnitReportReporter -->
<testsuite skipped="0" hostname="MSINGIRI-IN" name="com.ccs.testCases.TC_LoginTest_001" tests="1" failures="0" timestamp="18 Jun 2020 13:29:12 GMT" time="60.166" errors="0">
  <testcase name="loginTest" time="60.166" classname="com.ccs.testCases.TC_LoginTest_001"/>
</testsuite> <!-- com.ccs.testCases.TC_LoginTest_001 -->
