<?xml version="1.0" encoding="UTF-8"?>
<!-- Generated by org.testng.reporters.JUnitReportReporter -->
<testsuite skipped="0" hostname="MSINGIRI-IN" name="com.ccs.testCases.TC_LoginDDT_002" tests="1" failures="0" timestamp="22 Jun 2020 13:29:10 GMT" time="64.310" errors="0">
  <testcase name="LoginDDT" time="64.310" classname="com.ccs.testCases.TC_LoginDDT_002"/>
</testsuite> <!-- com.ccs.testCases.TC_LoginDDT_002 -->
